[logsAndroid_Moto G (5S) Plus INFO ] 2020-05-23 11:45:35.791 BaseTest:103 - log path: logs\Android_Moto G (5S) Plus
[logsAndroid_Moto G (5S) Plus INFO ] 2020-05-23 11:45:35.830 BaseTest:110 - load config.properties
[logsAndroid_Moto G (5S) Plus INFO ] 2020-05-23 11:45:35.831 BaseTest:115 - load strings/strings.xml
[logsAndroid_Moto G (5S) Plus INFO ] 2020-05-23 11:45:45.584 BaseTest:131 - driver initialized: ChromeDriver: chrome on WINDOWS (5379d63a1725a0965830d88b1d150498)
[logsAndroid_Moto G (5S) Plus ERROR] 2020-05-23 11:45:45.635 TestListener:33 - java.lang.NullPointerException
	at com.qa.listeners.TestListener.onTestSkipped(TestListener.java:92)
	at org.testng.internal.TestListenerHelper.runTestListeners(TestListenerHelper.java:61)
	at org.testng.internal.Invoker.runTestListeners(Invoker.java:1389)
	at org.testng.internal.Invoker.registerSkippedTestResult(Invoker.java:1063)
	at org.testng.internal.Invoker.invokeMethod(Invoker.java:529)
	at org.testng.internal.Invoker.invokeTestMethod(Invoker.java:719)
	at org.testng.internal.Invoker.invokeTestMethods(Invoker.java:989)
	at org.testng.internal.TestMethodWorker.invokeTestMethods(TestMethodWorker.java:125)
	at org.testng.internal.TestMethodWorker.run(TestMethodWorker.java:109)
	at org.testng.TestRunner.privateRun(TestRunner.java:648)
	at org.testng.TestRunner.run(TestRunner.java:505)
	at org.testng.SuiteRunner.runTest(SuiteRunner.java:455)
	at org.testng.SuiteRunner.access$000(SuiteRunner.java:40)
	at org.testng.SuiteRunner$SuiteWorker.run(SuiteRunner.java:489)
	at org.testng.internal.thread.ThreadUtil$1.call(ThreadUtil.java:52)
	at java.util.concurrent.FutureTask.run(Unknown Source)
	at java.util.concurrent.ThreadPoolExecutor.runWorker(Unknown Source)
	at java.util.concurrent.ThreadPoolExecutor$Worker.run(Unknown Source)
	at java.lang.Thread.run(Unknown Source)

[logsAndroid_Moto G (5S) Plus INFO ] 2020-05-23 11:59:37.868 BaseTest:103 - log path: logs\Android_Moto G (5S) Plus
[logsAndroid_Moto G (5S) Plus INFO ] 2020-05-23 11:59:37.898 BaseTest:110 - load config.properties
[logsAndroid_Moto G (5S) Plus INFO ] 2020-05-23 11:59:37.899 BaseTest:115 - load strings/strings.xml
[logsAndroid_Moto G (5S) Plus INFO ] 2020-05-23 11:59:46.660 BaseTest:131 - driver initialized: ChromeDriver: chrome on WINDOWS (51731f55f60d8929f7f3485bb9408ff1)
[logsAndroid_Moto G (5S) Plus ERROR] 2020-05-23 11:59:46.698 TestListener:33 - java.lang.NullPointerException
	at com.qa.listeners.TestListener.onTestSkipped(TestListener.java:92)
	at org.testng.internal.TestListenerHelper.runTestListeners(TestListenerHelper.java:61)
	at org.testng.internal.Invoker.runTestListeners(Invoker.java:1389)
	at org.testng.internal.Invoker.registerSkippedTestResult(Invoker.java:1063)
	at org.testng.internal.Invoker.invokeMethod(Invoker.java:529)
	at org.testng.internal.Invoker.invokeTestMethod(Invoker.java:719)
	at org.testng.internal.Invoker.invokeTestMethods(Invoker.java:989)
	at org.testng.internal.TestMethodWorker.invokeTestMethods(TestMethodWorker.java:125)
	at org.testng.internal.TestMethodWorker.run(TestMethodWorker.java:109)
	at org.testng.TestRunner.privateRun(TestRunner.java:648)
	at org.testng.TestRunner.run(TestRunner.java:505)
	at org.testng.SuiteRunner.runTest(SuiteRunner.java:455)
	at org.testng.SuiteRunner.access$000(SuiteRunner.java:40)
	at org.testng.SuiteRunner$SuiteWorker.run(SuiteRunner.java:489)
	at org.testng.internal.thread.ThreadUtil$1.call(ThreadUtil.java:52)
	at java.util.concurrent.FutureTask.run(Unknown Source)
	at java.util.concurrent.ThreadPoolExecutor.runWorker(Unknown Source)
	at java.util.concurrent.ThreadPoolExecutor$Worker.run(Unknown Source)
	at java.lang.Thread.run(Unknown Source)

[logsAndroid_Moto G (5S) Plus INFO ] 2020-05-23 12:01:00.361 BaseTest:103 - log path: logs\Android_Moto G (5S) Plus
[logsAndroid_Moto G (5S) Plus INFO ] 2020-05-23 12:01:00.464 BaseTest:110 - load config.properties
[logsAndroid_Moto G (5S) Plus INFO ] 2020-05-23 12:01:00.466 BaseTest:115 - load strings/strings.xml
[logsAndroid_Moto G (5S) Plus INFO ] 2020-05-23 12:01:15.475 BaseTest:131 - driver initialized: ChromeDriver: chrome on WINDOWS (2078c59b8b162e1a3f9efc8f732efa3c)
[logsAndroid_Moto G (5S) Plus INFO ] 2020-05-23 12:28:35.990 BaseTest:95 - log path: logs\Android_Moto G (5S) Plus
[logsAndroid_Moto G (5S) Plus INFO ] 2020-05-23 12:28:36.021 BaseTest:101 - load config.properties
[logsAndroid_Moto G (5S) Plus INFO ] 2020-05-23 12:28:36.022 BaseTest:105 - load strings/strings.xml
[logsAndroid_Moto G (5S) Plus INFO ] 2020-05-23 12:28:45.269 BaseTest:121 - driver initialized: ChromeDriver: chrome on WINDOWS (c139185c63e6cb197ee660187924550a)
[logsAndroid_Moto G (5S) Plus ERROR] 2020-05-23 12:28:45.318 TestListener:33 - java.lang.NullPointerException
	at com.qa.listeners.TestListener.onTestSkipped(TestListener.java:92)
	at org.testng.internal.TestListenerHelper.runTestListeners(TestListenerHelper.java:61)
	at org.testng.internal.Invoker.runTestListeners(Invoker.java:1389)
	at org.testng.internal.Invoker.registerSkippedTestResult(Invoker.java:1063)
	at org.testng.internal.Invoker.invokeMethod(Invoker.java:529)
	at org.testng.internal.Invoker.invokeTestMethod(Invoker.java:719)
	at org.testng.internal.Invoker.invokeTestMethods(Invoker.java:989)
	at org.testng.internal.TestMethodWorker.invokeTestMethods(TestMethodWorker.java:125)
	at org.testng.internal.TestMethodWorker.run(TestMethodWorker.java:109)
	at org.testng.TestRunner.privateRun(TestRunner.java:648)
	at org.testng.TestRunner.run(TestRunner.java:505)
	at org.testng.SuiteRunner.runTest(SuiteRunner.java:455)
	at org.testng.SuiteRunner.access$000(SuiteRunner.java:40)
	at org.testng.SuiteRunner$SuiteWorker.run(SuiteRunner.java:489)
	at org.testng.internal.thread.ThreadUtil$1.call(ThreadUtil.java:52)
	at java.util.concurrent.FutureTask.run(Unknown Source)
	at java.util.concurrent.ThreadPoolExecutor.runWorker(Unknown Source)
	at java.util.concurrent.ThreadPoolExecutor$Worker.run(Unknown Source)
	at java.lang.Thread.run(Unknown Source)

[logsAndroid_Moto G (5S) Plus INFO ] 2020-05-23 12:31:30.705 BaseTest:95 - log path: logs\Android_Moto G (5S) Plus
[logsAndroid_Moto G (5S) Plus INFO ] 2020-05-23 12:31:30.737 BaseTest:101 - load config.properties
[logsAndroid_Moto G (5S) Plus INFO ] 2020-05-23 12:31:30.738 BaseTest:105 - load strings/strings.xml
[logsAndroid_Moto G (5S) Plus INFO ] 2020-05-23 12:31:39.358 BaseTest:121 - driver initialized: ChromeDriver: chrome on WINDOWS (05934cfd9be01760e5e3c7e3fc1c87ca)
[logsAndroid_Moto G (5S) Plus ERROR] 2020-05-23 12:31:39.633 TestListener:33 - java.lang.NullPointerException
	at java.util.Objects.requireNonNull(Unknown Source)
	at org.openqa.selenium.support.ui.FluentWait.<init>(FluentWait.java:106)
	at org.openqa.selenium.support.ui.FluentWait.<init>(FluentWait.java:97)
	at com.qa.web.BaseTest.waitForVisibility(BaseTest.java:136)
	at com.qa.web.BaseTest.clear(BaseTest.java:145)
	at com.web.pages.WebPage.loginWeb(WebPage.java:33)
	at com.web.tests.YouTube.loginToSite(YouTube.java:65)
	at sun.reflect.NativeMethodAccessorImpl.invoke0(Native Method)
	at sun.reflect.NativeMethodAccessorImpl.invoke(Unknown Source)
	at sun.reflect.DelegatingMethodAccessorImpl.invoke(Unknown Source)
	at java.lang.reflect.Method.invoke(Unknown Source)
	at org.testng.internal.MethodInvocationHelper.invokeMethod(MethodInvocationHelper.java:124)
	at org.testng.internal.Invoker.invokeMethod(Invoker.java:583)
	at org.testng.internal.Invoker.invokeTestMethod(Invoker.java:719)
	at org.testng.internal.Invoker.invokeTestMethods(Invoker.java:989)
	at org.testng.internal.TestMethodWorker.invokeTestMethods(TestMethodWorker.java:125)
	at org.testng.internal.TestMethodWorker.run(TestMethodWorker.java:109)
	at org.testng.TestRunner.privateRun(TestRunner.java:648)
	at org.testng.TestRunner.run(TestRunner.java:505)
	at org.testng.SuiteRunner.runTest(SuiteRunner.java:455)
	at org.testng.SuiteRunner.access$000(SuiteRunner.java:40)
	at org.testng.SuiteRunner$SuiteWorker.run(SuiteRunner.java:489)
	at org.testng.internal.thread.ThreadUtil$1.call(ThreadUtil.java:52)
	at java.util.concurrent.FutureTask.run(Unknown Source)
	at java.util.concurrent.ThreadPoolExecutor.runWorker(Unknown Source)
	at java.util.concurrent.ThreadPoolExecutor$Worker.run(Unknown Source)
	at java.lang.Thread.run(Unknown Source)

[logsAndroid_Moto G (5S) Plus ERROR] 2020-05-23 12:31:39.636 TestListener:33 - java.lang.NullPointerException
	at com.qa.listeners.TestListener.onTestFailure(TestListener.java:37)
	at org.testng.internal.TestListenerHelper.runTestListeners(TestListenerHelper.java:67)
	at org.testng.internal.Invoker.runTestListeners(Invoker.java:1389)
	at org.testng.internal.Invoker.invokeMethod(Invoker.java:636)
	at org.testng.internal.Invoker.invokeTestMethod(Invoker.java:719)
	at org.testng.internal.Invoker.invokeTestMethods(Invoker.java:989)
	at org.testng.internal.TestMethodWorker.invokeTestMethods(TestMethodWorker.java:125)
	at org.testng.internal.TestMethodWorker.run(TestMethodWorker.java:109)
	at org.testng.TestRunner.privateRun(TestRunner.java:648)
	at org.testng.TestRunner.run(TestRunner.java:505)
	at org.testng.SuiteRunner.runTest(SuiteRunner.java:455)
	at org.testng.SuiteRunner.access$000(SuiteRunner.java:40)
	at org.testng.SuiteRunner$SuiteWorker.run(SuiteRunner.java:489)
	at org.testng.internal.thread.ThreadUtil$1.call(ThreadUtil.java:52)
	at java.util.concurrent.FutureTask.run(Unknown Source)
	at java.util.concurrent.ThreadPoolExecutor.runWorker(Unknown Source)
	at java.util.concurrent.ThreadPoolExecutor$Worker.run(Unknown Source)
	at java.lang.Thread.run(Unknown Source)

[logsAndroid_Moto G (5S) Plus INFO ] 2020-05-23 12:33:19.686 BaseTest:95 - log path: logs\Android_Moto G (5S) Plus
[logsAndroid_Moto G (5S) Plus INFO ] 2020-05-23 12:33:19.717 BaseTest:101 - load config.properties
[logsAndroid_Moto G (5S) Plus INFO ] 2020-05-23 12:33:19.718 BaseTest:105 - load strings/strings.xml
[logsAndroid_Moto G (5S) Plus INFO ] 2020-05-23 12:33:28.384 BaseTest:121 - driver initialized: ChromeDriver: chrome on WINDOWS (29cf61230463b77b8673d2a17abd8f8a)
[logsAndroid_Moto G (5S) Plus ERROR] 2020-05-23 12:33:28.438 TestListener:33 - java.lang.NullPointerException
	at com.qa.listeners.TestListener.onTestSkipped(TestListener.java:92)
	at org.testng.internal.TestListenerHelper.runTestListeners(TestListenerHelper.java:61)
	at org.testng.internal.Invoker.runTestListeners(Invoker.java:1389)
	at org.testng.internal.Invoker.registerSkippedTestResult(Invoker.java:1063)
	at org.testng.internal.Invoker.invokeMethod(Invoker.java:529)
	at org.testng.internal.Invoker.invokeTestMethod(Invoker.java:719)
	at org.testng.internal.Invoker.invokeTestMethods(Invoker.java:989)
	at org.testng.internal.TestMethodWorker.invokeTestMethods(TestMethodWorker.java:125)
	at org.testng.internal.TestMethodWorker.run(TestMethodWorker.java:109)
	at org.testng.TestRunner.privateRun(TestRunner.java:648)
	at org.testng.TestRunner.run(TestRunner.java:505)
	at org.testng.SuiteRunner.runTest(SuiteRunner.java:455)
	at org.testng.SuiteRunner.access$000(SuiteRunner.java:40)
	at org.testng.SuiteRunner$SuiteWorker.run(SuiteRunner.java:489)
	at org.testng.internal.thread.ThreadUtil$1.call(ThreadUtil.java:52)
	at java.util.concurrent.FutureTask.run(Unknown Source)
	at java.util.concurrent.ThreadPoolExecutor.runWorker(Unknown Source)
	at java.util.concurrent.ThreadPoolExecutor$Worker.run(Unknown Source)
	at java.lang.Thread.run(Unknown Source)

[logsAndroid_Moto G (5S) Plus INFO ] 2020-05-23 12:41:07.340 BaseTest:95 - log path: logs\Android_Moto G (5S) Plus
[logsAndroid_Moto G (5S) Plus INFO ] 2020-05-23 12:41:07.370 BaseTest:101 - load config.properties
[logsAndroid_Moto G (5S) Plus INFO ] 2020-05-23 12:41:07.371 BaseTest:105 - load strings/strings.xml
[logsAndroid_Moto G (5S) Plus INFO ] 2020-05-23 12:41:15.976 BaseTest:121 - driver initialized: ChromeDriver: chrome on WINDOWS (d28ff55588b97f411f478f777bcfdcc4)
[logsAndroid_Moto G (5S) Plus ERROR] 2020-05-23 12:41:16.025 TestListener:33 - java.lang.NullPointerException
	at com.qa.listeners.TestListener.onTestSkipped(TestListener.java:92)
	at org.testng.internal.TestListenerHelper.runTestListeners(TestListenerHelper.java:61)
	at org.testng.internal.Invoker.runTestListeners(Invoker.java:1389)
	at org.testng.internal.Invoker.registerSkippedTestResult(Invoker.java:1063)
	at org.testng.internal.Invoker.invokeMethod(Invoker.java:529)
	at org.testng.internal.Invoker.invokeTestMethod(Invoker.java:719)
	at org.testng.internal.Invoker.invokeTestMethods(Invoker.java:989)
	at org.testng.internal.TestMethodWorker.invokeTestMethods(TestMethodWorker.java:125)
	at org.testng.internal.TestMethodWorker.run(TestMethodWorker.java:109)
	at org.testng.TestRunner.privateRun(TestRunner.java:648)
	at org.testng.TestRunner.run(TestRunner.java:505)
	at org.testng.SuiteRunner.runTest(SuiteRunner.java:455)
	at org.testng.SuiteRunner.access$000(SuiteRunner.java:40)
	at org.testng.SuiteRunner$SuiteWorker.run(SuiteRunner.java:489)
	at org.testng.internal.thread.ThreadUtil$1.call(ThreadUtil.java:52)
	at java.util.concurrent.FutureTask.run(Unknown Source)
	at java.util.concurrent.ThreadPoolExecutor.runWorker(Unknown Source)
	at java.util.concurrent.ThreadPoolExecutor$Worker.run(Unknown Source)
	at java.lang.Thread.run(Unknown Source)

[logsAndroid_Moto G (5S) Plus ERROR] 2020-05-23 12:45:12.483 TestListener:33 - java.lang.NullPointerException
	at com.qa.listeners.TestListener.onTestSkipped(TestListener.java:92)
	at org.testng.internal.TestListenerHelper.runTestListeners(TestListenerHelper.java:61)
	at org.testng.internal.Invoker.runTestListeners(Invoker.java:1389)
	at org.testng.internal.Invoker.registerSkippedTestResult(Invoker.java:1063)
	at org.testng.internal.Invoker.invokeMethod(Invoker.java:529)
	at org.testng.internal.Invoker.invokeTestMethod(Invoker.java:719)
	at org.testng.internal.Invoker.invokeTestMethods(Invoker.java:989)
	at org.testng.internal.TestMethodWorker.invokeTestMethods(TestMethodWorker.java:125)
	at org.testng.internal.TestMethodWorker.run(TestMethodWorker.java:109)
	at org.testng.TestRunner.privateRun(TestRunner.java:648)
	at org.testng.TestRunner.run(TestRunner.java:505)
	at org.testng.SuiteRunner.runTest(SuiteRunner.java:455)
	at org.testng.SuiteRunner.access$000(SuiteRunner.java:40)
	at org.testng.SuiteRunner$SuiteWorker.run(SuiteRunner.java:489)
	at org.testng.internal.thread.ThreadUtil$1.call(ThreadUtil.java:52)
	at java.util.concurrent.FutureTask.run(Unknown Source)
	at java.util.concurrent.ThreadPoolExecutor.runWorker(Unknown Source)
	at java.util.concurrent.ThreadPoolExecutor$Worker.run(Unknown Source)
	at java.lang.Thread.run(Unknown Source)

[logsAndroid_Moto G (5S) Plus ERROR] 2020-05-23 12:47:42.766 TestListener:33 - java.lang.NullPointerException
	at com.qa.listeners.TestListener.onTestSkipped(TestListener.java:92)
	at org.testng.internal.TestListenerHelper.runTestListeners(TestListenerHelper.java:61)
	at org.testng.internal.Invoker.runTestListeners(Invoker.java:1389)
	at org.testng.internal.Invoker.registerSkippedTestResult(Invoker.java:1063)
	at org.testng.internal.Invoker.invokeMethod(Invoker.java:529)
	at org.testng.internal.Invoker.invokeTestMethod(Invoker.java:719)
	at org.testng.internal.Invoker.invokeTestMethods(Invoker.java:989)
	at org.testng.internal.TestMethodWorker.invokeTestMethods(TestMethodWorker.java:125)
	at org.testng.internal.TestMethodWorker.run(TestMethodWorker.java:109)
	at org.testng.TestRunner.privateRun(TestRunner.java:648)
	at org.testng.TestRunner.run(TestRunner.java:505)
	at org.testng.SuiteRunner.runTest(SuiteRunner.java:455)
	at org.testng.SuiteRunner.access$000(SuiteRunner.java:40)
	at org.testng.SuiteRunner$SuiteWorker.run(SuiteRunner.java:489)
	at org.testng.internal.thread.ThreadUtil$1.call(ThreadUtil.java:52)
	at java.util.concurrent.FutureTask.run(Unknown Source)
	at java.util.concurrent.ThreadPoolExecutor.runWorker(Unknown Source)
	at java.util.concurrent.ThreadPoolExecutor$Worker.run(Unknown Source)
	at java.lang.Thread.run(Unknown Source)

[logsAndroid_Moto G (5S) Plus ERROR] 2020-05-23 12:49:07.119 TestListener:33 - java.lang.NullPointerException
	at com.qa.listeners.TestListener.onTestSkipped(TestListener.java:92)
	at org.testng.internal.TestListenerHelper.runTestListeners(TestListenerHelper.java:61)
	at org.testng.internal.Invoker.runTestListeners(Invoker.java:1389)
	at org.testng.internal.Invoker.registerSkippedTestResult(Invoker.java:1063)
	at org.testng.internal.Invoker.invokeMethod(Invoker.java:529)
	at org.testng.internal.Invoker.invokeTestMethod(Invoker.java:719)
	at org.testng.internal.Invoker.invokeTestMethods(Invoker.java:989)
	at org.testng.internal.TestMethodWorker.invokeTestMethods(TestMethodWorker.java:125)
	at org.testng.internal.TestMethodWorker.run(TestMethodWorker.java:109)
	at org.testng.TestRunner.privateRun(TestRunner.java:648)
	at org.testng.TestRunner.run(TestRunner.java:505)
	at org.testng.SuiteRunner.runTest(SuiteRunner.java:455)
	at org.testng.SuiteRunner.access$000(SuiteRunner.java:40)
	at org.testng.SuiteRunner$SuiteWorker.run(SuiteRunner.java:489)
	at org.testng.internal.thread.ThreadUtil$1.call(ThreadUtil.java:52)
	at java.util.concurrent.FutureTask.run(Unknown Source)
	at java.util.concurrent.ThreadPoolExecutor.runWorker(Unknown Source)
	at java.util.concurrent.ThreadPoolExecutor$Worker.run(Unknown Source)
	at java.lang.Thread.run(Unknown Source)

